<?xml version="1.0" encoding="UTF-8"?>
<testsuite name="org.example.MathFunctionsTest" tests="3" skipped="0" failures="0" errors="0" timestamp="2024-05-27T12:20:29" hostname="DESKTOP-2H9LRPL" time="0.018">
  <properties/>
  <testcase name="testMinus()" classname="org.example.MathFunctionsTest" time="0.014"/>
  <testcase name="testPlus()" classname="org.example.MathFunctionsTest" time="0.001"/>
  <testcase name="testMultiply()" classname="org.example.MathFunctionsTest" time="0.0"/>
  <system-out><![CDATA[]]></system-out>
  <system-err><![CDATA[]]></system-err>
</testsuite>
